This is XeTeX, Version 3.141592653-2.6-0.999996 (TeX Live 2024) (preloaded format=xelatex 2024.7.14)  15 MAR 2025 01:12
entering extended mode
 restricted \write18 enabled.
 %&-line parsing enabled.
**abstract.tex
(./abstract.tex
LaTeX2e <2024-06-01> patch level 2
L3 programming layer <2024-05-27>

! LaTeX Error: Missing \begin{document}.

See the LaTeX manual or LaTeX Companion for explanation.
Type  H <return>  for immediate help.
 ...                                              
                                                  
l.3 本
     论文从玻色弦和Ramond-Neveu-Schwarz超弦的量子化出发，计算了一些基本的盘面和球面超弦振幅并介绍了Kawai-Lewellen...

You're in trouble here.  Try typing  <return>  to proceed.
If that doesn't work, type  X <return>  to quit.

Missing character: There is no 本 ("672C) in font nullfont!
Missing character: There is no 论 ("8BBA) in font nullfont!
Missing character: There is no 文 ("6587) in font nullfont!
Missing character: There is no 从 ("4ECE) in font nullfont!
Missing character: There is no 玻 ("73BB) in font nullfont!
Missing character: There is no 色 ("8272) in font nullfont!
Missing character: There is no 弦 ("5F26) in font nullfont!
Missing character: There is no 和 ("548C) in font nullfont!
Missing character: There is no R ("52) in font nullfont!
Missing character: There is no a ("61) in font nullfont!
Missing character: There is no m ("6D) in font nullfont!
Missing character: There is no o ("6F) in font nullfont!
Missing character: There is no n ("6E) in font nullfont!
Missing character: There is no d ("64) in font nullfont!
Missing character: There is no - ("2D) in font nullfont!
Missing character: There is no N ("4E) in font nullfont!
Missing character: There is no e ("65) in font nullfont!
Missing character: There is no v ("76) in font nullfont!
Missing character: There is no e ("65) in font nullfont!
Missing character: There is no u ("75) in font nullfont!
Missing character: There is no - ("2D) in font nullfont!
Missing character: There is no S ("53) in font nullfont!
Missing character: There is no c ("63) in font nullfont!
Missing character: There is no h ("68) in font nullfont!
Missing character: There is no w ("77) in font nullfont!
Missing character: There is no a ("61) in font nullfont!
Missing character: There is no r ("72) in font nullfont!
Missing character: There is no z ("7A) in font nullfont!
Missing character: There is no 超 ("8D85) in font nullfont!
Missing character: There is no 弦 ("5F26) in font nullfont!
Missing character: There is no 的 ("7684) in font nullfont!
Missing character: There is no 量 ("91CF) in font nullfont!
Missing character: There is no 子 ("5B50) in font nullfont!
Missing character: There is no 化 ("5316) in font nullfont!
Missing character: There is no 出 ("51FA) in font nullfont!
Missing character: There is no 发 ("53D1) in font nullfont!
Missing character: There is no ， ("FF0C) in font nullfont!
Missing character: There is no 计 ("8BA1) in font nullfont!
Missing character: There is no 算 ("7B97) in font nullfont!
Missing character: There is no 了 ("4E86) in font nullfont!
Missing character: There is no 一 ("4E00) in font nullfont!
Missing character: There is no 些 ("4E9B) in font nullfont!
Missing character: There is no 基 ("57FA) in font nullfont!
Missing character: There is no 本 ("672C) in font nullfont!
Missing character: There is no 的 ("7684) in font nullfont!
Missing character: There is no 盘 ("76D8) in font nullfont!
Missing character: There is no 面 ("9762) in font nullfont!
Missing character: There is no 和 ("548C) in font nullfont!
Missing character: There is no 球 ("7403) in font nullfont!
Missing character: There is no 面 ("9762) in font nullfont!
Missing character: There is no 超 ("8D85) in font nullfont!
Missing character: There is no 弦 ("5F26) in font nullfont!
Missing character: There is no 振 ("632F) in font nullfont!
Missing character: There is no 幅 ("5E45) in font nullfont!
Missing character: There is no 并 ("5E76) in font nullfont!
Missing character: There is no 介 ("4ECB) in font nullfont!
Missing character: There is no 绍 ("7ECD) in font nullfont!
Missing character: There is no 了 ("4E86) in font nullfont!
Missing character: There is no K ("4B) in font nullfont!
Missing character: There is no a ("61) in font nullfont!
Missing character: There is no w ("77) in font nullfont!
Missing character: There is no a ("61) in font nullfont!
Missing character: There is no i ("69) in font nullfont!
Missing character: There is no - ("2D) in font nullfont!
Missing character: There is no L ("4C) in font nullfont!
Missing character: There is no e ("65) in font nullfont!
Missing character: There is no w ("77) in font nullfont!
Missing character: There is no e ("65) in font nullfont!
Missing character: There is no l ("6C) in font nullfont!
Missing character: There is no l ("6C) in font nullfont!
Missing character: There is no e ("65) in font nullfont!
Missing character: There is no n ("6E) in font nullfont!
Missing character: There is no - ("2D) in font nullfont!
Missing character: There is no T ("54) in font nullfont!
Missing character: There is no y ("79) in font nullfont!
Missing character: There is no e ("65) in font nullfont!
Missing character: There is no 关 ("5173) in font nullfont!
Missing character: There is no 系 ("7CFB) in font nullfont!
Missing character: There is no 和 ("548C) in font nullfont!
Missing character: There is no 单 ("5355) in font nullfont!
Missing character: There is no 值 ("503C) in font nullfont!
Missing character: There is no 关 ("5173) in font nullfont!
Missing character: There is no 系 ("7CFB) in font nullfont!
Missing character: There is no 。 ("3002) in font nullfont!
Missing character: There is no 然 ("7136) in font nullfont!
Missing character: There is no 后 ("540E) in font nullfont!
Missing character: There is no 引 ("5F15) in font nullfont!
Missing character: There is no 入 ("5165) in font nullfont!
Missing character: There is no 纯 ("7EAF) in font nullfont!
Missing character: There is no 旋 ("65CB) in font nullfont!
Missing character: There is no 量 ("91CF) in font nullfont!
Missing character: There is no 超 ("8D85) in font nullfont!
Missing character: There is no 弦 ("5F26) in font nullfont!
Missing character: There is no ， ("FF0C) in font nullfont!
Missing character: There is no 利 ("5229) in font nullfont!
Missing character: There is no 用 ("7528) in font nullfont!
Missing character: There is no 多 ("591A) in font nullfont!
Missing character: There is no 粒 ("7C92) in font nullfont!
Missing character: There is no 子 ("5B50) in font nullfont!
Missing character: There is no 超 ("8D85) in font nullfont!
Missing character: There is no 场 ("573A) in font nullfont!
Missing character: There is no 方 ("65B9) in font nullfont!
Missing character: There is no 法 ("6CD5) in font nullfont!
Missing character: There is no 推 ("63A8) in font nullfont!
Missing character: There is no 到 ("5230) in font nullfont!
Missing character: There is no 了 ("4E86) in font nullfont!
Missing character: There is no 任 ("4EFB) in font nullfont!
Missing character: There is no 意 ("610F) in font nullfont!
Missing character: There is no 点 ("70B9) in font nullfont!
Missing character: There is no 无 ("65E0) in font nullfont!
Missing character: There is no 质 ("8D28) in font nullfont!
Missing character: There is no 量 ("91CF) in font nullfont!
Missing character: There is no 态 ("6001) in font nullfont!
Missing character: There is no 开 ("5F00) in font nullfont!
Missing character: There is no 弦 ("5F26) in font nullfont!
Missing character: There is no 盘 ("76D8) in font nullfont!
Missing character: There is no 面 ("9762) in font nullfont!
Missing character: There is no 振 ("632F) in font nullfont!
Missing character: There is no 幅 ("5E45) in font nullfont!
Missing character: There is no 一 ("4E00) in font nullfont!
Missing character: There is no 般 ("822C) in font nullfont!
Missing character: There is no 公 ("516C) in font nullfont!
Missing character: There is no 式 ("5F0F) in font nullfont!
Missing character: There is no 。 ("3002) in font nullfont!
Missing character: There is no 利 ("5229) in font nullfont!
Missing character: There is no 用 ("7528) in font nullfont!
Missing character: There is no 此 ("6B64) in font nullfont!
Missing character: There is no 公 ("516C) in font nullfont!
Missing character: There is no 式 ("5F0F) in font nullfont!
Missing character: There is no 的 ("7684) in font nullfont!
Missing character: There is no 弦 ("5F26) in font nullfont!
Missing character: There is no 长 ("957F) in font nullfont!
Missing character: There is no 极 ("6781) in font nullfont!
Missing character: There is no 限 ("9650) in font nullfont!
Missing character: There is no 给 ("7ED9) in font nullfont!
Missing character: There is no 出 ("51FA) in font nullfont!
Missing character: There is no 了 ("4E86) in font nullfont!
Missing character: There is no 十 ("5341) in font nullfont!
Missing character: There is no 维 ("7EF4) in font nullfont!
Missing character: There is no 超 ("8D85) in font nullfont!
Missing character: There is no 对 ("5BF9) in font nullfont!
Missing character: There is no 称 ("79F0) in font nullfont!
Missing character: There is no Y ("59) in font nullfont!
Missing character: There is no a ("61) in font nullfont!
Missing character: There is no n ("6E) in font nullfont!
Missing character: There is no g ("67) in font nullfont!
Missing character: There is no - ("2D) in font nullfont!
Missing character: There is no M ("4D) in font nullfont!
Missing character: There is no i ("69) in font nullfont!
Missing character: There is no l ("6C) in font nullfont!
Missing character: There is no l ("6C) in font nullfont!
Missing character: There is no s ("73) in font nullfont!
Missing character: There is no （ ("FF08) in font nullfont!
Missing character: There is no S ("53) in font nullfont!
Missing character: There is no Y ("59) in font nullfont!
Missing character: There is no M ("4D) in font nullfont!
Missing character: There is no ） ("FF09) in font nullfont!
Missing character: There is no 理 ("7406) in font nullfont!
Missing character: There is no 论 ("8BBA) in font nullfont!
Missing character: There is no 振 ("632F) in font nullfont!
Missing character: There is no 幅 ("5E45) in font nullfont!
Missing character: There is no 的 ("7684) in font nullfont!
Missing character: There is no 纯 ("7EAF) in font nullfont!
Missing character: There is no 旋 ("65CB) in font nullfont!
Missing character: There is no 量 ("91CF) in font nullfont!
Missing character: There is no 超 ("8D85) in font nullfont!
Missing character: There is no 空 ("7A7A) in font nullfont!
Missing character: There is no 间 ("95F4) in font nullfont!
Missing character: There is no 上 ("4E0A) in font nullfont!
Missing character: There is no 同 ("540C) in font nullfont!
Missing character: There is no 调 ("8C03) in font nullfont!
Missing character: There is no 表 ("8868) in font nullfont!
Missing character: There is no 述 ("8FF0) in font nullfont!
Missing character: There is no 。 ("3002) in font nullfont!
Missing character: There is no 并 ("5E76) in font nullfont!
Missing character: There is no 且 ("4E14) in font nullfont!
Missing character: There is no 给 ("7ED9) in font nullfont!
Missing character: There is no 出 ("51FA) in font nullfont!
Missing character: There is no 了 ("4E86) in font nullfont!
Missing character: There is no 构 ("6784) in font nullfont!
Missing character: There is no 造 ("9020) in font nullfont!
Missing character: There is no S ("53) in font nullfont!
Missing character: There is no Y ("59) in font nullfont!
Missing character: There is no M ("4D) in font nullfont!
Missing character: There is no 理 ("7406) in font nullfont!
Missing character: There is no 论 ("8BBA) in font nullfont!
Missing character: There is no 满 ("6EE1) in font nullfont!
Missing character: There is no 足 ("8DB3) in font nullfont!
Missing character: There is no 色 ("8272) in font nullfont!
Missing character: There is no - ("2D) in font nullfont!
Missing character: There is no 运 ("8FD0) in font nullfont!
Missing character: There is no 动 ("52A8) in font nullfont!
Missing character: There is no 学 ("5B66) in font nullfont!
Missing character: There is no 对 ("5BF9) in font nullfont!
Missing character: There is no 偶 ("5076) in font nullfont!
Missing character: There is no 的 ("7684) in font nullfont!
Missing character: There is no B ("42) in font nullfont!
Missing character: There is no e ("65) in font nullfont!
Missing character: There is no r ("72) in font nullfont!
Missing character: There is no n ("6E) in font nullfont!
Missing character: There is no - ("2D) in font nullfont!
Missing character: There is no C ("43) in font nullfont!
Missing character: There is no a ("61) in font nullfont!
Missing character: There is no r ("72) in font nullfont!
Missing character: There is no r ("72) in font nullfont!
Missing character: There is no a ("61) in font nullfont!
Missing character: There is no s ("73) in font nullfont!
Missing character: There is no c ("63) in font nullfont!
Missing character: There is no o ("6F) in font nullfont!
Missing character: There is no - ("2D) in font nullfont!
Missing character: There is no J ("4A) in font nullfont!
Missing character: There is no o ("6F) in font nullfont!
Missing character: There is no h ("68) in font nullfont!
Missing character: There is no a ("61) in font nullfont!
Missing character: There is no n ("6E) in font nullfont!
Missing character: There is no s ("73) in font nullfont!
Missing character: There is no o ("6F) in font nullfont!
Missing character: There is no n ("6E) in font nullfont!
Missing character: There is no 分 ("5206) in font nullfont!
Missing character: There is no 子 ("5B50) in font nullfont!
Missing character: There is no 的 ("7684) in font nullfont!
Missing character: There is no 一 ("4E00) in font nullfont!
Missing character: There is no 般 ("822C) in font nullfont!
Missing character: There is no 算 ("7B97) in font nullfont!
Missing character: There is no 法 ("6CD5) in font nullfont!
Missing character: There is no 。 ("3002) in font nullfont!
)
! Emergency stop.
<*> abstract.tex
                
*** (job aborted, no legal \end found)

 
Here is how much of TeX's memory you used:
 13 strings out of 474240
 262 string characters out of 5745918
 1918560 words of memory out of 5000000
 22800 multiletter control sequences out of 15000+600000
 558069 words of font info for 36 fonts, out of 8000000 for 9000
 1348 hyphenation exceptions out of 8191
 15i,0n,18p,274b,14s stack positions out of 10000i,1000n,20000p,200000b,200000s
No pages of output.
