This is XeTeX, Version 3.141592653-2.6-0.999996 (TeX Live 2024) (preloaded format=xelatex 2024.7.14)  7 MAR 2025 04:03
entering extended mode
 restricted \write18 enabled.
 %&-line parsing enabled.
**appendixA.tex
(./appendixA.tex
LaTeX2e <2024-06-01> patch level 2
L3 programming layer <2024-05-27>
! Undefined control sequence.
l.3 \chapter
            {本论文主要使用到的算符乘积展开}
The control sequence at the end of the top line
of your error message was never \def'ed. If you have
misspelled it (e.g., `\hobx'), type `I' and the correct
spelling (e.g., `I\hbox'). Otherwise just continue,
and I'll forget about whatever was undefined.


! LaTeX Error: Missing \begin{document}.

See the LaTeX manual or LaTeX Companion for explanation.
Type  H <return>  for immediate help.
 ...                                              
                                                  
l.3 \chapter{本
              论文主要使用到的算符乘积展开}
You're in trouble here.  Try typing  <return>  to proceed.
If that doesn't work, type  X <return>  to quit.

Missing character: There is no 本 ("672C) in font nullfont!
Missing character: There is no 论 ("8BBA) in font nullfont!
Missing character: There is no 文 ("6587) in font nullfont!
Missing character: There is no 主 ("4E3B) in font nullfont!
Missing character: There is no 要 ("8981) in font nullfont!
Missing character: There is no 使 ("4F7F) in font nullfont!
Missing character: There is no 用 ("7528) in font nullfont!
Missing character: There is no 到 ("5230) in font nullfont!
Missing character: There is no 的 ("7684) in font nullfont!
Missing character: There is no 算 ("7B97) in font nullfont!
Missing character: There is no 符 ("7B26) in font nullfont!
Missing character: There is no 乘 ("4E58) in font nullfont!
Missing character: There is no 积 ("79EF) in font nullfont!
Missing character: There is no 展 ("5C55) in font nullfont!
Missing character: There is no 开 ("5F00) in font nullfont!
Missing character: There is no 本 ("672C) in font nullfont!
Missing character: There is no 附 ("9644) in font nullfont!
Missing character: There is no 录 ("5F55) in font nullfont!
Missing character: There is no 给 ("7ED9) in font nullfont!
Missing character: There is no 出 ("51FA) in font nullfont!
Missing character: There is no 一 ("4E00) in font nullfont!
Missing character: There is no 些 ("4E9B) in font nullfont!
Missing character: There is no 振 ("632F) in font nullfont!
Missing character: There is no 幅 ("5E45) in font nullfont!
Missing character: There is no 计 ("8BA1) in font nullfont!
Missing character: There is no 算 ("7B97) in font nullfont!
Missing character: There is no 中 ("4E2D) in font nullfont!
Missing character: There is no 经 ("7ECF) in font nullfont!
Missing character: There is no 常 ("5E38) in font nullfont!
Missing character: There is no 用 ("7528) in font nullfont!
Missing character: There is no 到 ("5230) in font nullfont!
Missing character: There is no 的 ("7684) in font nullfont!
Missing character: There is no O ("4F) in font nullfont!
Missing character: There is no P ("50) in font nullfont!
Missing character: There is no E ("45) in font nullfont!
Missing character: There is no 以 ("4EE5) in font nullfont!
Missing character: There is no 及 ("53CA) in font nullfont!
Missing character: There is no 能 ("80FD) in font nullfont!
Missing character: There is no 动 ("52A8) in font nullfont!
Missing character: There is no 张 ("5F20) in font nullfont!
Missing character: There is no 量 ("91CF) in font nullfont!
Missing character: There is no 等 ("7B49) in font nullfont!
Missing character: There is no C ("43) in font nullfont!
Missing character: There is no F ("46) in font nullfont!
Missing character: There is no T ("54) in font nullfont!
Missing character: There is no 相 ("76F8) in font nullfont!
Missing character: There is no 关 ("5173) in font nullfont!
Missing character: There is no 约 ("7EA6) in font nullfont!
Missing character: There is no 定 ("5B9A) in font nullfont!
Missing character: There is no ， ("FF0C) in font nullfont!
Missing character: There is no 以 ("4EE5) in font nullfont!
Missing character: There is no 供 ("4F9B) in font nullfont!
Missing character: There is no 查 ("67E5) in font nullfont!
Missing character: There is no 阅 ("9605) in font nullfont!
Missing character: There is no 。 ("3002) in font nullfont!
! Undefined control sequence.
l.6 \section
            {自由CFT}
The control sequence at the end of the top line
of your error message was never \def'ed. If you have
misspelled it (e.g., `\hobx'), type `I' and the correct
spelling (e.g., `I\hbox'). Otherwise just continue,
and I'll forget about whatever was undefined.

Missing character: There is no 自 ("81EA) in font nullfont!
Missing character: There is no 由 ("7531) in font nullfont!
Missing character: There is no C ("43) in font nullfont!
Missing character: There is no F ("46) in font nullfont!
Missing character: There is no T ("54) in font nullfont!
Missing character: There is no 本 ("672C) in font nullfont!
Missing character: There is no 节 ("8282) in font nullfont!
Missing character: There is no 对 ("5BF9) in font nullfont!
Missing character: There is no 应 ("5E94) in font nullfont!
Missing character: There is no 玻 ("73BB) in font nullfont!
Missing character: There is no 色 ("8272) in font nullfont!
Missing character: There is no 弦 ("5F26) in font nullfont!
Missing character: There is no 世 ("4E16) in font nullfont!
Missing character: There is no 界 ("754C) in font nullfont!
Missing character: There is no 面 ("9762) in font nullfont!
Missing character: There is no C ("43) in font nullfont!
Missing character: There is no F ("46) in font nullfont!
Missing character: There is no T ("54) in font nullfont!
Missing character: There is no 。 ("3002) in font nullfont!
! Undefined control sequence.
l.8 \subsection
               {自由玻色CFT}
The control sequence at the end of the top line
of your error message was never \def'ed. If you have
misspelled it (e.g., `\hobx'), type `I' and the correct
spelling (e.g., `I\hbox'). Otherwise just continue,
and I'll forget about whatever was undefined.

Missing character: There is no 自 ("81EA) in font nullfont!
Missing character: There is no 由 ("7531) in font nullfont!
Missing character: There is no 玻 ("73BB) in font nullfont!
Missing character: There is no 色 ("8272) in font nullfont!
Missing character: There is no C ("43) in font nullfont!
Missing character: There is no F ("46) in font nullfont!
Missing character: There is no T ("54) in font nullfont!
LaTeX Font Info:    External font `cmex10' loaded for size
(Font)              <7> on input line 9.
LaTeX Font Info:    External font `cmex10' loaded for size
(Font)              <5> on input line 9.
Missing character: There is no 包 ("5305) in font nullfont!
Missing character: There is no 含 ("542B) in font nullfont!
Missing character: There is no 四 ("56DB) in font nullfont!
Missing character: There is no 项 ("9879) in font nullfont!

Overfull \hbox (20.0pt too wide) in paragraph at lines 3--10
[]
 []


Overfull \hbox (18.13885pt too wide) in paragraph at lines 3--10
\OML/cmm/m/it/10 XX$ 
 []


! LaTeX Error: Missing \begin{document}.

See the LaTeX manual or LaTeX Companion for explanation.
Type  H <return>  for immediate help.
 ...                                              
                                                  
l.11 另
      外，根据加倍技巧，对于BCFT，左右模之间的OPE不是$0$：
You're in trouble here.  Try typing  <return>  to proceed.
If that doesn't work, type  X <return>  to quit.

Missing character: There is no 另 ("53E6) in font nullfont!
Missing character: There is no 外 ("5916) in font nullfont!
Missing character: There is no ， ("FF0C) in font nullfont!
Missing character: There is no 根 ("6839) in font nullfont!
Missing character: There is no 据 ("636E) in font nullfont!
Missing character: There is no 加 ("52A0) in font nullfont!
Missing character: There is no 倍 ("500D) in font nullfont!
Missing character: There is no 技 ("6280) in font nullfont!
Missing character: There is no 巧 ("5DE7) in font nullfont!
Missing character: There is no ， ("FF0C) in font nullfont!
Missing character: There is no 对 ("5BF9) in font nullfont!
Missing character: There is no 于 ("4E8E) in font nullfont!
Missing character: There is no B ("42) in font nullfont!
Missing character: There is no C ("43) in font nullfont!
Missing character: There is no F ("46) in font nullfont!
Missing character: There is no T ("54) in font nullfont!
Missing character: There is no ， ("FF0C) in font nullfont!
Missing character: There is no 左 ("5DE6) in font nullfont!
Missing character: There is no 右 ("53F3) in font nullfont!
Missing character: There is no 模 ("6A21) in font nullfont!
Missing character: There is no 之 ("4E4B) in font nullfont!
Missing character: There is no 间 ("95F4) in font nullfont!
Missing character: There is no 的 ("7684) in font nullfont!
Missing character: There is no O ("4F) in font nullfont!
Missing character: There is no P ("50) in font nullfont!
Missing character: There is no E ("45) in font nullfont!
Missing character: There is no 不 ("4E0D) in font nullfont!
Missing character: There is no 是 ("662F) in font nullfont!
Missing character: There is no ： ("FF1A) in font nullfont!

Overfull \hbox (25.00002pt too wide) in paragraph at lines 11--12
[]$\OT1/cmr/m/n/10 0$ 
 []


Overfull \hbox (214.40839pt too wide) detected at line 14
\OML/cmm/m/it/10 X[]\OT1/cmr/m/n/10 (\OML/cmm/m/it/10 z[]\OT1/cmr/m/n/10 )[]([]
) \OMS/cmsy/m/n/10 ^^X \OML/cmm/m/it/10 X[]\OT1/cmr/m/n/10 (\OML/cmm/m/it/10 z[
]\OT1/cmr/m/n/10 )\OML/cmm/m/it/10 X[]\OT1/cmr/m/n/10 (\OML/cmm/m/it/10 z[]\OT1
/cmr/m/n/10 ) \OMS/cmsy/m/n/10 ^^X ^^@[] [] j\OML/cmm/m/it/10 z[] \OMS/cmsy/m/n
/10 ^^@ [][]j
 []

Missing character: There is no 不 ("4E0D) in font nullfont!
Missing character: There is no 过 ("8FC7) in font nullfont!
Missing character: There is no 弦 ("5F26) in font nullfont!
Missing character: There is no 论 ("8BBA) in font nullfont!
Missing character: There is no 中 ("4E2D) in font nullfont!
Missing character: There is no 开 ("5F00) in font nullfont!
Missing character: There is no 弦 ("5F26) in font nullfont!
Missing character: There is no B ("42) in font nullfont!
Missing character: There is no C ("43) in font nullfont!
Missing character: There is no F ("46) in font nullfont!
Missing character: There is no T ("54) in font nullfont!
Missing character: There is no 计 ("8BA1) in font nullfont!
Missing character: There is no 算 ("7B97) in font nullfont!
Missing character: There is no 只 ("53EA) in font nullfont!
Missing character: There is no 涉 ("6D89) in font nullfont!
Missing character: There is no 及 ("53CA) in font nullfont!
Missing character: There is no 到 ("5230) in font nullfont!
Missing character: There is no 实 ("5B9E) in font nullfont!
Missing character: There is no 轴 ("8F74) in font nullfont!
Missing character: There is no 上 ("4E0A) in font nullfont!
Missing character: There is no 插 ("63D2) in font nullfont!
Missing character: There is no 入 ("5165) in font nullfont!
Missing character: There is no ， ("FF0C) in font nullfont!
Missing character: There is no 所 ("6240) in font nullfont!
Missing character: There is no 以 ("4EE5) in font nullfont!
Missing character: There is no 不 ("4E0D) in font nullfont!
Missing character: There is no 必 ("5FC5) in font nullfont!
Missing character: There is no 过 ("8FC7) in font nullfont!
Missing character: There is no 于 ("4E8E) in font nullfont!
Missing character: There is no 在 ("5728) in font nullfont!
Missing character: There is no 意 ("610F) in font nullfont!
Missing character: There is no 上 ("4E0A) in font nullfont!
Missing character: There is no 式 ("5F0F) in font nullfont!
Missing character: There is no 。 ("3002) in font nullfont!
Missing character: There is no 而 ("800C) in font nullfont!
Missing character: There is no 在 ("5728) in font nullfont!
Missing character: There is no 实 ("5B9E) in font nullfont!
Missing character: There is no 轴 ("8F74) in font nullfont!
Missing character: There is no 上 ("4E0A) in font nullfont!
Missing character: There is no 源 ("6E90) in font nullfont!
Missing character: There is no 点 ("70B9) in font nullfont!
Missing character: There is no 及 ("53CA) in font nullfont!
Missing character: There is no 其 ("5176) in font nullfont!
Missing character: There is no 镜 ("955C) in font nullfont!
Missing character: There is no 像 ("50CF) in font nullfont!
Missing character: There is no 重 ("91CD) in font nullfont!
Missing character: There is no 合 ("5408) in font nullfont!
Missing character: There is no ， ("FF0C) in font nullfont!
Missing character: There is no 所 ("6240) in font nullfont!
Missing character: There is no 以 ("4EE5) in font nullfont!
Missing character: There is no 左 ("5DE6) in font nullfont!
Missing character: There is no 右 ("53F3) in font nullfont!
Missing character: There is no 模 ("6A21) in font nullfont!
Missing character: There is no O ("4F) in font nullfont!
Missing character: There is no P ("50) in font nullfont!
Missing character: There is no E ("45) in font nullfont!
Missing character: There is no 和 ("548C) in font nullfont!
Missing character: There is no 纯 ("7EAF) in font nullfont!
Missing character: There is no 左 ("5DE6) in font nullfont!
Missing character: There is no 模 ("6A21) in font nullfont!
Missing character: There is no O ("4F) in font nullfont!
Missing character: There is no P ("50) in font nullfont!
Missing character: There is no E ("45) in font nullfont!
Missing character: There is no 都 ("90FD) in font nullfont!
Missing character: There is no 会 ("4F1A) in font nullfont!
Missing character: There is no 贡 ("8D21) in font nullfont!
Missing character: There is no 献 ("732E) in font nullfont!
Missing character: There is no ： ("FF1A) in font nullfont!

Overfull \hbox (141.9389pt too wide) detected at line 18
\OML/cmm/m/it/10 X[]\OT1/cmr/m/n/10 (\OML/cmm/m/it/10 y[]\OT1/cmr/m/n/10 )\OML/
cmm/m/it/10 X[]\OT1/cmr/m/n/10 (\OML/cmm/m/it/10 y[]\OT1/cmr/m/n/10 ) \OMS/cmsy
/m/n/10 ^^X ^^@\OT1/cmr/m/n/10 2\OML/cmm/m/it/10 ^^K[] [] \OMS/cmsy/m/n/10 j\OM
L/cmm/m/it/10 y[] \OMS/cmsy/m/n/10 ^^@ \OML/cmm/m/it/10 y[]\OMS/cmsy/m/n/10 j
 []

Missing character: There is no 这 ("8FD9) in font nullfont!
Missing character: There is no 从 ("4ECE) in font nullfont!
! Undefined control sequence.
<write> ...: Reference `eq:4.36' on page \thepage 
                                                  \space undefined\on@line .^^J
l.19 这从\ref{eq:4.36}
                    也能直接看出来，这也印证了$\alpha'_{\text{cl}}\sim4\alpha'_{\text{op}}$。
The control sequence at the end of the top line
of your error message was never \def'ed. If you have
misspelled it (e.g., `\hobx'), type `I' and the correct
spelling (e.g., `I\hbox'). Otherwise just continue,
and I'll forget about whatever was undefined.


LaTeX Warning: Reference `eq:4.36' on page  undefined on input line 19.

Missing character: There is no 也 ("4E5F) in font nullfont!
Missing character: There is no 能 ("80FD) in font nullfont!
Missing character: There is no 直 ("76F4) in font nullfont!
Missing character: There is no 接 ("63A5) in font nullfont!
Missing character: There is no 看 ("770B) in font nullfont!
Missing character: There is no 出 ("51FA) in font nullfont!
Missing character: There is no 来 ("6765) in font nullfont!
Missing character: There is no ， ("FF0C) in font nullfont!
Missing character: There is no 这 ("8FD9) in font nullfont!
Missing character: There is no 也 ("4E5F) in font nullfont!
Missing character: There is no 印 ("5370) in font nullfont!
Missing character: There is no 证 ("8BC1) in font nullfont!
Missing character: There is no 了 ("4E86) in font nullfont!
! Undefined control sequence.
l.19 这从\ref{eq:4.36}也能直接看出来，这也印证了$\alpha'_{\text
                                                {cl}}\sim4\alpha'_{\text{op}}$。
The control sequence at the end of the top line
of your error message was never \def'ed. If you have
misspelled it (e.g., `\hobx'), type `I' and the correct
spelling (e.g., `I\hbox'). Otherwise just continue,
and I'll forget about whatever was undefined.

! Undefined control sequence.
l.19 ...印证了$\alpha'_{\text{cl}}\sim4\alpha'_{\text
                                                  {op}}$。
The control sequence at the end of the top line
of your error message was never \def'ed. If you have
misspelled it (e.g., `\hobx'), type `I' and the correct
spelling (e.g., `I\hbox'). Otherwise just continue,
and I'll forget about whatever was undefined.

Missing character: There is no 。 ("3002) in font nullfont!
! Undefined control sequence.
l.20 \subsection
                {$bc$鬼场}
The control sequence at the end of the top line
of your error message was never \def'ed. If you have
misspelled it (e.g., `\hobx'), type `I' and the correct
spelling (e.g., `I\hbox'). Otherwise just continue,
and I'll forget about whatever was undefined.

Missing character: There is no 鬼 ("9B3C) in font nullfont!
Missing character: There is no 场 ("573A) in font nullfont!
! Undefined control sequence.
l.21 \section
             {$\mathcal{N}=1$ SCFT}
The control sequence at the end of the top line
of your error message was never \def'ed. If you have
misspelled it (e.g., `\hobx'), type `I' and the correct
spelling (e.g., `I\hbox'). Otherwise just continue,
and I'll forget about whatever was undefined.

Missing character: There is no S ("53) in font nullfont!
Missing character: There is no C ("43) in font nullfont!
Missing character: There is no F ("46) in font nullfont!
Missing character: There is no T ("54) in font nullfont!
Missing character: There is no 本 ("672C) in font nullfont!
Missing character: There is no 节 ("8282) in font nullfont!
Missing character: There is no 对 ("5BF9) in font nullfont!
Missing character: There is no 应 ("5E94) in font nullfont!
Missing character: There is no R ("52) in font nullfont!
Missing character: There is no N ("4E) in font nullfont!
Missing character: There is no S ("53) in font nullfont!
Missing character: There is no 超 ("8D85) in font nullfont!
Missing character: There is no 弦 ("5F26) in font nullfont!
Missing character: There is no 世 ("4E16) in font nullfont!
Missing character: There is no 界 ("754C) in font nullfont!
Missing character: There is no 面 ("9762) in font nullfont!
Missing character: There is no C ("43) in font nullfont!
Missing character: There is no F ("46) in font nullfont!
Missing character: There is no T ("54) in font nullfont!
Missing character: There is no ， ("FF0C) in font nullfont!
Missing character: There is no 玻 ("73BB) in font nullfont!
Missing character: There is no 色 ("8272) in font nullfont!
Missing character: There is no 场 ("573A) in font nullfont!
Missing character: There is no O ("4F) in font nullfont!
Missing character: There is no P ("50) in font nullfont!
Missing character: There is no E ("45) in font nullfont!
Missing character: There is no 与 ("4E0E) in font nullfont!
Missing character: There is no 上 ("4E0A) in font nullfont!
Missing character: There is no 一 ("4E00) in font nullfont!
Missing character: There is no 节 ("8282) in font nullfont!
Missing character: There is no 相 ("76F8) in font nullfont!
Missing character: There is no 同 ("540C) in font nullfont!
Missing character: There is no 。 ("3002) in font nullfont!
! Undefined control sequence.
l.23 \subsection
                {自由费米CFT}
The control sequence at the end of the top line
of your error message was never \def'ed. If you have
misspelled it (e.g., `\hobx'), type `I' and the correct
spelling (e.g., `I\hbox'). Otherwise just continue,
and I'll forget about whatever was undefined.

Missing character: There is no 自 ("81EA) in font nullfont!
Missing character: There is no 由 ("7531) in font nullfont!
Missing character: There is no 费 ("8D39) in font nullfont!
Missing character: There is no 米 ("7C73) in font nullfont!
Missing character: There is no C ("43) in font nullfont!
Missing character: There is no F ("46) in font nullfont!
Missing character: There is no T ("54) in font nullfont!

Overfull \hbox (34.45573pt too wide) in paragraph at lines 18--24
[]$\OML/cmm/m/it/10 ^^K[] \OMS/cmsy/m/n/10 ^^X
 []


Overfull \hbox (19.9666pt too wide) in paragraph at lines 18--24
\OT1/cmr/m/n/10 4\OML/cmm/m/it/10 ^^K[]$
 []


Overfull \hbox (8.61922pt too wide) in paragraph at lines 18--24
\OML/cmm/m/it/10 bc$
 []


Overfull \hbox (20.234pt too wide) in paragraph at lines 18--24
\OMS/cmsy/m/n/10 N \OT1/cmr/m/n/10 =
 []


Overfull \hbox (5.00002pt too wide) in paragraph at lines 18--24
\OT1/cmr/m/n/10 1$
 []

! Undefined control sequence.
l.25 \subsection
                {$\beta\gamma$鬼场}
The control sequence at the end of the top line
of your error message was never \def'ed. If you have
misspelled it (e.g., `\hobx'), type `I' and the correct
spelling (e.g., `I\hbox'). Otherwise just continue,
and I'll forget about whatever was undefined.


! LaTeX Error: Missing \begin{document}.

See the LaTeX manual or LaTeX Companion for explanation.
Type  H <return>  for immediate help.
 ...                                              
                                                  
l.25 \subsection{$
                  \beta\gamma$鬼场}
You're in trouble here.  Try typing  <return>  to proceed.
If that doesn't work, type  X <return>  to quit.

Missing character: There is no 鬼 ("9B3C) in font nullfont!
Missing character: There is no 场 ("573A) in font nullfont!

Overfull \hbox (31.91687pt too wide) in paragraph at lines 25--26
[]$\OML/cmm/m/it/10 ^^L^^M$ 
 []

! Undefined control sequence.
l.27 \section
             {纯旋量形式}
The control sequence at the end of the top line
of your error message was never \def'ed. If you have
misspelled it (e.g., `\hobx'), type `I' and the correct
spelling (e.g., `I\hbox'). Otherwise just continue,
and I'll forget about whatever was undefined.


! LaTeX Error: Missing \begin{document}.

See the LaTeX manual or LaTeX Companion for explanation.
Type  H <return>  for immediate help.
 ...                                              
                                                  
l.27 \section{纯
               旋量形式}
You're in trouble here.  Try typing  <return>  to proceed.
If that doesn't work, type  X <return>  to quit.

Missing character: There is no 纯 ("7EAF) in font nullfont!
Missing character: There is no 旋 ("65CB) in font nullfont!
Missing character: There is no 量 ("91CF) in font nullfont!
Missing character: There is no 形 ("5F62) in font nullfont!
Missing character: There is no 式 ("5F0F) in font nullfont!
Missing character: There is no 这 ("8FD9) in font nullfont!
Missing character: There is no 里 ("91CC) in font nullfont!
Missing character: There is no 只 ("53EA) in font nullfont!
Missing character: There is no 讨 ("8BA8) in font nullfont!
Missing character: There is no 论 ("8BBA) in font nullfont!
Missing character: There is no 左 ("5DE6) in font nullfont!
Missing character: There is no 模 ("6A21) in font nullfont!
Missing character: There is no ， ("FF0C) in font nullfont!
Missing character: There is no 作 ("4F5C) in font nullfont!
Missing character: There is no 用 ("7528) in font nullfont!
Missing character: There is no 量 ("91CF) in font nullfont!
Missing character: There is no 见 ("89C1) in font nullfont!
! Undefined control sequence.
<write> ...: Reference `eq:5.23' on page \thepage 
                                                  \space undefined\on@line .^^J
l.28 这里只讨论左模，作用量见\ref{eq:5.23}
                              ，能动张量以及对应的超流（费米Lorentz流）：
The control sequence at the end of the top line
of your error message was never \def'ed. If you have
misspelled it (e.g., `\hobx'), type `I' and the correct
spelling (e.g., `I\hbox'). Otherwise just continue,
and I'll forget about whatever was undefined.


LaTeX Warning: Reference `eq:5.23' on page  undefined on input line 28.

Missing character: There is no ， ("FF0C) in font nullfont!
Missing character: There is no 能 ("80FD) in font nullfont!
Missing character: There is no 动 ("52A8) in font nullfont!
Missing character: There is no 张 ("5F20) in font nullfont!
Missing character: There is no 量 ("91CF) in font nullfont!
Missing character: There is no 以 ("4EE5) in font nullfont!
Missing character: There is no 及 ("53CA) in font nullfont!
Missing character: There is no 对 ("5BF9) in font nullfont!
Missing character: There is no 应 ("5E94) in font nullfont!
Missing character: There is no 的 ("7684) in font nullfont!
Missing character: There is no 超 ("8D85) in font nullfont!
Missing character: There is no 流 ("6D41) in font nullfont!
Missing character: There is no （ ("FF08) in font nullfont!
Missing character: There is no 费 ("8D39) in font nullfont!
Missing character: There is no 米 ("7C73) in font nullfont!
Missing character: There is no L ("4C) in font nullfont!
Missing character: There is no o ("6F) in font nullfont!
Missing character: There is no r ("72) in font nullfont!
Missing character: There is no e ("65) in font nullfont!
Missing character: There is no n ("6E) in font nullfont!
Missing character: There is no t ("74) in font nullfont!
Missing character: There is no z ("7A) in font nullfont!
Missing character: There is no 流 ("6D41) in font nullfont!
Missing character: There is no ） ("FF09) in font nullfont!
Missing character: There is no ： ("FF1A) in font nullfont!

Overfull \hbox (20.0pt too wide) in paragraph at lines 27--29
[]
 []


Overfull \hbox (10.86pt too wide) in paragraph at lines 27--29
[] 
 []


Overfull \hbox (339.48032pt too wide) detected at line 31
\OML/cmm/m/it/10 T[] \OT1/cmr/m/n/10 = \OMS/cmsy/m/n/10 ^^@[]\OT1/cmr/m/n/10 ^^
E[]^^E[] \OMS/cmsy/m/n/10 ^^@ \OML/cmm/m/it/10 d[]@^^R[] \OT1/cmr/m/n/10 + \OML
/cmm/m/it/10 w[]@^^U[];  M[] \OT1/cmr/m/n/10 = ^^F[] + \OML/cmm/m/it/10 N[] \OT
1/cmr/m/n/10 = \OMS/cmsy/m/n/10 ^^@[]\OT1/cmr/m/n/10 (\OML/cmm/m/it/10 p^^M[]^^
R\OT1/cmr/m/n/10 ) + [](\OML/cmm/m/it/10 w^^M[]^^U\OT1/cmr/m/n/10 )
 []

Missing character: There is no 由 ("7531) in font nullfont!
Missing character: There is no 于 ("4E8E) in font nullfont!
Missing character: There is no 纯 ("7EAF) in font nullfont!
Missing character: There is no 旋 ("65CB) in font nullfont!
Missing character: There is no 量 ("91CF) in font nullfont!
Missing character: There is no 约 ("7EA6) in font nullfont!
Missing character: There is no 束 ("675F) in font nullfont!
Missing character: There is no ， ("FF0C) in font nullfont!
Missing character: There is no 这 ("8FD9) in font nullfont!
Missing character: There is no 并 ("5E76) in font nullfont!
Missing character: There is no 不 ("4E0D) in font nullfont!
Missing character: There is no 是 ("662F) in font nullfont!
Missing character: There is no 一 ("4E00) in font nullfont!
Missing character: There is no 个 ("4E2A) in font nullfont!
Missing character: There is no 自 ("81EA) in font nullfont!
Missing character: There is no 由 ("7531) in font nullfont!
Missing character: There is no C ("43) in font nullfont!
Missing character: There is no F ("46) in font nullfont!
Missing character: There is no T ("54) in font nullfont!

! LaTeX Error: Missing \begin{document}.

See the LaTeX manual or LaTeX Companion for explanation.
Type  H <return>  for immediate help.
 ...                                              
                                                  
l.34 其
      中超对称协变导数为：
You're in trouble here.  Try typing  <return>  to proceed.
If that doesn't work, type  X <return>  to quit.

Missing character: There is no 其 ("5176) in font nullfont!
Missing character: There is no 中 ("4E2D) in font nullfont!
Missing character: There is no 超 ("8D85) in font nullfont!
Missing character: There is no 对 ("5BF9) in font nullfont!
Missing character: There is no 称 ("79F0) in font nullfont!
Missing character: There is no 协 ("534F) in font nullfont!
Missing character: There is no 变 ("53D8) in font nullfont!
Missing character: There is no 导 ("5BFC) in font nullfont!
Missing character: There is no 数 ("6570) in font nullfont!
Missing character: There is no 为 ("4E3A) in font nullfont!
Missing character: There is no ： ("FF1A) in font nullfont!

Overfull \hbox (20.0pt too wide) in paragraph at lines 34--35
[] 
 []


Overfull \hbox (101.63983pt too wide) detected at line 37
\OML/cmm/m/it/10 D[] \OT1/cmr/m/n/10 = [] + [](\OML/cmm/m/it/10 ^^M[]^^R\OT1/cm
r/m/n/10 )[]\OML/cmm/m/it/10 @[]
 []

)
! Emergency stop.
<*> appendixA.tex
                 
*** (job aborted, no legal \end found)

 
Here is how much of TeX's memory you used:
 26 strings out of 474240
 545 string characters out of 5745918
 1920560 words of memory out of 5000000
 22809 multiletter control sequences out of 15000+600000
 558085 words of font info for 38 fonts, out of 8000000 for 9000
 1348 hyphenation exceptions out of 8191
 18i,3n,23p,270b,98s stack positions out of 10000i,1000n,20000p,200000b,200000s
No pages of output.
